2018-01-03 15:28:23 Debug: Notice (1024): Please change the value of 'Security.salt' in app/config/core.php to a salt value specific to your application in [C:\workspaces\cake_1.3.x\cake\libs\debugger.php, line 684]
2018-01-03 15:28:23 Debug: Notice (1024): Please change the value of 'Security.cipherSeed' in app/config/core.php to a numeric (digits only) seed value specific to your application in [C:\workspaces\cake_1.3.x\cake\libs\debugger.php, line 688]
2018-01-03 15:35:10 Debug: Notice (1024): Please change the value of 'Security.salt' in app/config/core.php to a salt value specific to your application in [C:\workspaces\cake_1.3.x\cake\libs\debugger.php, line 684]
2018-01-03 15:35:10 Debug: Notice (1024): Please change the value of 'Security.cipherSeed' in app/config/core.php to a numeric (digits only) seed value specific to your application in [C:\workspaces\cake_1.3.x\cake\libs\debugger.php, line 688]
2018-01-03 15:35:22 Debug: Notice (1024): Please change the value of 'Security.salt' in app/config/core.php to a salt value specific to your application in [C:\workspaces\cake_1.3.x\cake\libs\debugger.php, line 684]
2018-01-03 15:35:23 Debug: Notice (1024): Please change the value of 'Security.cipherSeed' in app/config/core.php to a numeric (digits only) seed value specific to your application in [C:\workspaces\cake_1.3.x\cake\libs\debugger.php, line 688]
2018-01-03 15:35:32 Debug: Notice (1024): Please change the value of 'Security.salt' in app/config/core.php to a salt value specific to your application in [C:\workspaces\cake_1.3.x\cake\libs\debugger.php, line 684]
2018-01-03 15:35:32 Debug: Notice (1024): Please change the value of 'Security.cipherSeed' in app/config/core.php to a numeric (digits only) seed value specific to your application in [C:\workspaces\cake_1.3.x\cake\libs\debugger.php, line 688]
2018-01-03 15:35:42 Debug: Notice (1024): Please change the value of 'Security.salt' in app/config/core.php to a salt value specific to your application in [C:\workspaces\cake_1.3.x\cake\libs\debugger.php, line 684]
2018-01-03 15:35:42 Debug: Notice (1024): Please change the value of 'Security.cipherSeed' in app/config/core.php to a numeric (digits only) seed value specific to your application in [C:\workspaces\cake_1.3.x\cake\libs\debugger.php, line 688]
2018-01-03 15:39:07 Debug: Notice (1024): Please change the value of 'Security.salt' in app/config/core.php to a salt value specific to your application in [C:\workspaces\cake_1.3.x\cake\libs\debugger.php, line 684]
2018-01-03 15:39:07 Debug: Notice (1024): Please change the value of 'Security.cipherSeed' in app/config/core.php to a numeric (digits only) seed value specific to your application in [C:\workspaces\cake_1.3.x\cake\libs\debugger.php, line 688]
2018-01-03 15:42:18 Debug: Notice (1024): Please change the value of 'Security.salt' in app/config/core.php to a salt value specific to your application in [C:\workspaces\cake_1.3.x\cake\libs\debugger.php, line 684]
2018-01-03 15:42:18 Debug: Notice (1024): Please change the value of 'Security.cipherSeed' in app/config/core.php to a numeric (digits only) seed value specific to your application in [C:\workspaces\cake_1.3.x\cake\libs\debugger.php, line 688]
2018-01-03 16:00:16 Debug: Notice (1024): Please change the value of 'Security.salt' in app/config/core.php to a salt value specific to your application in [C:\workspaces\cake_1.3.x\cake\libs\debugger.php, line 684]
2018-01-03 16:00:16 Debug: Notice (1024): Please change the value of 'Security.cipherSeed' in app/config/core.php to a numeric (digits only) seed value specific to your application in [C:\workspaces\cake_1.3.x\cake\libs\debugger.php, line 688]
2018-01-03 16:16:11 Debug: Notice (1024): Please change the value of 'Security.salt' in app/config/core.php to a salt value specific to your application in [C:\workspaces\cake_1.3.x\cake\libs\debugger.php, line 684]
2018-01-03 16:16:11 Debug: Notice (1024): Please change the value of 'Security.cipherSeed' in app/config/core.php to a numeric (digits only) seed value specific to your application in [C:\workspaces\cake_1.3.x\cake\libs\debugger.php, line 688]
2018-01-03 16:16:12 Debug: Notice (1024): Please change the value of 'Security.salt' in app/config/core.php to a salt value specific to your application in [C:\workspaces\cake_1.3.x\cake\libs\debugger.php, line 684]
2018-01-03 16:16:12 Debug: Notice (1024): Please change the value of 'Security.cipherSeed' in app/config/core.php to a numeric (digits only) seed value specific to your application in [C:\workspaces\cake_1.3.x\cake\libs\debugger.php, line 688]
2018-01-03 16:17:24 Debug: Notice (1024): Please change the value of 'Security.salt' in app/config/core.php to a salt value specific to your application in [C:\workspaces\cake_1.3.x\cake\libs\debugger.php, line 684]
2018-01-03 16:17:24 Debug: Notice (1024): Please change the value of 'Security.cipherSeed' in app/config/core.php to a numeric (digits only) seed value specific to your application in [C:\workspaces\cake_1.3.x\cake\libs\debugger.php, line 688]
2018-01-03 16:18:00 Debug: Notice (1024): Please change the value of 'Security.salt' in app/config/core.php to a salt value specific to your application in [C:\workspaces\cake_1.3.x\cake\libs\debugger.php, line 684]
2018-01-03 16:18:00 Debug: Notice (1024): Please change the value of 'Security.cipherSeed' in app/config/core.php to a numeric (digits only) seed value specific to your application in [C:\workspaces\cake_1.3.x\cake\libs\debugger.php, line 688]
2018-01-03 16:18:34 Debug: Notice (1024): Please change the value of 'Security.cipherSeed' in app/config/core.php to a numeric (digits only) seed value specific to your application in [C:\workspaces\cake_1.3.x\cake\libs\debugger.php, line 688]
2018-01-03 16:38:32 Debug: Notice (1024): Please change the value of 'Security.cipherSeed' in app/config/core.php to a numeric (digits only) seed value specific to your application in [C:\workspaces\cake_1.3.x\cake\libs\debugger.php, line 688]
2018-01-03 16:39:31 Debug: Notice (1024): Please change the value of 'Security.cipherSeed' in app/config/core.php to a numeric (digits only) seed value specific to your application in [C:\workspaces\cake_1.3.x\cake\libs\debugger.php, line 688]
2018-01-03 16:39:48 Debug: Notice (1024): Please change the value of 'Security.cipherSeed' in app/config/core.php to a numeric (digits only) seed value specific to your application in [C:\workspaces\cake_1.3.x\cake\libs\debugger.php, line 688]
2018-01-03 16:48:57 Debug: Notice (1024): Please change the value of 'Security.cipherSeed' in app/config/core.php to a numeric (digits only) seed value specific to your application in [C:\workspaces\cake_1.3.x\cake\libs\debugger.php, line 688]
2018-01-03 16:51:14 Debug: Notice (1024): Please change the value of 'Security.cipherSeed' in app/config/core.php to a numeric (digits only) seed value specific to your application in [C:\workspaces\cake_1.3.x\cake\libs\debugger.php, line 688]
2018-01-03 17:00:30 Debug: Notice (1024): Please change the value of 'Security.cipherSeed' in app/config/core.php to a numeric (digits only) seed value specific to your application in [C:\workspaces\cake_1.3.x\cake\libs\debugger.php, line 688]
2018-01-04 09:29:16 Debug: Notice (1024): Please change the value of 'Security.cipherSeed' in app/config/core.php to a numeric (digits only) seed value specific to your application in [C:\workspaces\cake_1.3.x\cake\libs\debugger.php, line 688]
2018-01-04 09:35:46 Debug: Notice (1024): Please change the value of 'Security.cipherSeed' in app/config/core.php to a numeric (digits only) seed value specific to your application in [C:\workspaces\cake_1.3.x\cake\libs\debugger.php, line 701]
2018-01-04 09:48:53 Debug: Notice (1024): Please change the value of 'Security.cipherSeed' in app/config/core.php to a numeric (digits only) seed value specific to your application in [C:\workspaces\cake_1.3.x\cake\libs\debugger.php, line 701]
2018-01-04 09:50:46 Debug: Notice (1024): Please change the value of 'Security.cipherSeed' in app/config/core.php to a numeric (digits only) seed value specific to your application in [C:\workspaces\cake_1.3.x\cake\libs\debugger.php, line 701]
2018-01-04 10:05:11 Debug: Notice (1024): Please change the value of 'Security.cipherSeed' in app/config/core.php to a numeric (digits only) seed value specific to your application in [C:\workspaces\cake_1.3.x\cake\libs\debugger.php, line 701]
2018-01-04 10:27:19 Debug: Notice (1024): Please change the value of 'Security.cipherSeed' in app/config/core.php to a numeric (digits only) seed value specific to your application in [C:\workspaces\cake_1.3.x\cake\libs\debugger.php, line 701]
2018-01-04 10:32:50 Debug: Notice (1024): Please change the value of 'Security.cipherSeed' in app/config/core.php to a numeric (digits only) seed value specific to your application in [C:\workspaces\cake_1.3.x\cake\libs\debugger.php, line 701]
2018-01-04 10:32:53 Debug: Notice (1024): Please change the value of 'Security.cipherSeed' in app/config/core.php to a numeric (digits only) seed value specific to your application in [C:\workspaces\cake_1.3.x\cake\libs\debugger.php, line 701]
2018-01-04 10:35:11 Debug: Notice (1024): Please change the value of 'Security.cipherSeed' in app/config/core.php to a numeric (digits only) seed value specific to your application in [C:\workspaces\cake_1.3.x\cake\libs\debugger.php, line 701]
2018-01-04 10:35:52 Debug: Notice (1024): Please change the value of 'Security.cipherSeed' in app/config/core.php to a numeric (digits only) seed value specific to your application in [C:\workspaces\cake_1.3.x\cake\libs\debugger.php, line 701]
2018-01-04 10:39:39 Debug: Notice (1024): Please change the value of 'Security.cipherSeed' in app/config/core.php to a numeric (digits only) seed value specific to your application in [C:\workspaces\cake_1.3.x\cake\libs\debugger.php, line 701]
2018-01-04 10:42:08 Debug: Notice (1024): Please change the value of 'Security.cipherSeed' in app/config/core.php to a numeric (digits only) seed value specific to your application in [C:\workspaces\cake_1.3.x\cake\libs\debugger.php, line 701]
2018-01-04 10:42:09 Debug: Notice (1024): Please change the value of 'Security.cipherSeed' in app/config/core.php to a numeric (digits only) seed value specific to your application in [C:\workspaces\cake_1.3.x\cake\libs\debugger.php, line 701]
2018-01-04 11:02:39 Debug: Notice (1024): Please change the value of 'Security.cipherSeed' in app/config/core.php to a numeric (digits only) seed value specific to your application in [C:\workspaces\cake_1.3.x\cake\libs\debugger.php, line 701]
2018-01-04 11:22:13 Debug: Notice (1024): Please change the value of 'Security.cipherSeed' in app/config/core.php to a numeric (digits only) seed value specific to your application in [C:\workspaces\cake_1.3.x\cake\libs\debugger.php, line 701]
2018-01-04 11:58:59 Debug: Notice (8): Undefined property: View::$Url in [C:\workspaces\cake_1.3.x\blog\views\posts\index.ctp, line 21]
2018-01-04 11:59:11 Debug: Notice (8): Undefined property: View::$url in [C:\workspaces\cake_1.3.x\blog\views\posts\index.ctp, line 21]
2018-01-04 11:59:20 Debug: Notice (8): Undefined variable: Url in [C:\workspaces\cake_1.3.x\blog\views\posts\index.ctp, line 21]
2018-01-04 11:59:21 Debug: Notice (8): Undefined variable: Url in [C:\workspaces\cake_1.3.x\blog\views\posts\index.ctp, line 21]
2018-01-04 12:02:31 Debug: Notice (8): Undefined variable: title in [C:\workspaces\cake_1.3.x\cake\libs\view\helpers\html.php, line 286]
